<?xml version="1.0" encoding="UTF-8"?>
<!-- Generated by org.testng.reporters.JUnitReportReporter -->
<testsuite skipped="0" hostname="Santosh-PC" name="FrameworkDriver.FrameworkDriver_RunTestCases" tests="1" failures="0" timestamp="29 Apr 2019 15:56:21 GMT" time="49.501" errors="0">
  <testcase name="ReadExcel" time="49.501" classname="FrameworkDriver.FrameworkDriver_RunTestCases"/>
</testsuite> <!-- FrameworkDriver.FrameworkDriver_RunTestCases -->
