<?xml version="1.0" encoding="UTF-8"?>
<!-- Generated by org.testng.reporters.JUnitReportReporter -->
<testsuite skipped="0" hostname="Santosh-PC" name="FrameworkDriver.FrameworkDriver_RunTestCases" tests="1" failures="0" timestamp="17 Feb 2019 14:17:09 GMT" time="30.496" errors="0">
  <testcase name="ReadExcel" time="30.496" classname="FrameworkDriver.FrameworkDriver_RunTestCases"/>
</testsuite> <!-- FrameworkDriver.FrameworkDriver_RunTestCases -->
