<?xml version="1.0" encoding="UTF-8"?>
<!-- Generated by org.testng.reporters.JUnitReportReporter -->
<testsuite skipped="0" hostname="Santosh-PC" name="FrameworkDriver.FrameworkDriver_RunTestCases" tests="1" failures="0" timestamp="19 Aug 2019 17:49:43 GMT" time="194.516" errors="0">
  <testcase name="ReadExcel" time="194.516" classname="FrameworkDriver.FrameworkDriver_RunTestCases"/>
</testsuite> <!-- FrameworkDriver.FrameworkDriver_RunTestCases -->
